<?xml version="1.0" encoding="UTF-8"?>
<testng-results skipped="0" failed="0" ignored="0" total="1" passed="1">
  <reporter-output>
  </reporter-output>
  <suite name="Default suite" duration-ms="77" started-at="2020-04-19T11:18:57 IST" finished-at="2020-04-19T11:18:57 IST">
    <groups>
    </groups>
    <test name="Default test" duration-ms="77" started-at="2020-04-19T11:18:57 IST" finished-at="2020-04-19T11:18:57 IST">
      <class name="gittestcreateuser.gitcreateusertest">
        <test-method status="PASS" signature="tsetGitUserCreate()[pri:0, instance:gittestcreateuser.gitcreateusertest@7f13d6e]" name="tsetGitUserCreate" duration-ms="12" started-at="2020-04-19T11:18:57 IST" finished-at="2020-04-19T11:18:57 IST">
          <reporter-output>
          </reporter-output>
        </test-method> <!-- tsetGitUserCreate -->
      </class> <!-- gittestcreateuser.gitcreateusertest -->
    </test> <!-- Default test -->
  </suite> <!-- Default suite -->
</testng-results>
